objc[20438]: Class AXEmojiUtilities is implemented in both /Applications/Xcode.app/Contents/Developer/Platforms/iPhoneSimulator.platform/Developer/SDKs/iPhoneSimulator7.0.sdk/System/Library/PrivateFrameworks/AccessibilityUtilities.framework/AccessibilityUtilities and /Applications/Xcode.app/Contents/Developer/Platforms/iPhoneSimulator.platform/Developer/SDKs/iPhoneSimulator7.0.sdk/usr/lib/libAXSpeechManager.dylib. One of the two will be used. Which one is undefined.
2014-01-02 15:58:11.947 Sachin Tendulkar Stats Visualized[20438:80b] Cannot find executable for CFBundle 0xa47b300 </Applications/Xcode.app/Contents/Developer/Platforms/iPhoneSimulator.platform/Developer/SDKs/iPhoneSimulator7.0.sdk/System/Library/AccessibilityBundles/CertUIFramework.axbundle> (not loaded)
2014-01-02 15:58:11.965 Sachin Tendulkar Stats Visualized[20438:80b] Cannot find executable for CFBundle 0xa57c1a0 </Applications/Xcode.app/Contents/Developer/Platforms/iPhoneSimulator.platform/Developer/SDKs/iPhoneSimulator7.0.sdk/System/Library/AccessibilityBundles/GeoServices.axbundle> (not loaded)
2014-01-02 15:58:12.010 Sachin Tendulkar Stats Visualized[20438:80b] Multi-tasking -> Device: YES, App: YES
2014-01-02 15:58:12.052 Sachin Tendulkar Stats Visualized[20438:80b] Unlimited access to network resources
2014-01-02 15:58:12.472 Sachin Tendulkar Stats Visualized[20438:80b] Resetting plugins due to page load.
2014-01-02 15:58:12.904 Sachin Tendulkar Stats Visualized[20438:80b] Finished load of: file:///Users/lpd/Library/Application%20Support/iPhone%20Simulator/7.0.3/Applications/4A57D7E0-07DD-4777-9C35-819D35EB81D2/Sachin%20Tendulkar%20Stats%20Visualized.app/www/index.html#/
objc[23325]: Class AXEmojiUtilities is implemented in both /Applications/Xcode.app/Contents/Developer/Platforms/iPhoneSimulator.platform/Developer/SDKs/iPhoneSimulator7.0.sdk/System/Library/PrivateFrameworks/AccessibilityUtilities.framework/AccessibilityUtilities and /Applications/Xcode.app/Contents/Developer/Platforms/iPhoneSimulator.platform/Developer/SDKs/iPhoneSimulator7.0.sdk/usr/lib/libAXSpeechManager.dylib. One of the two will be used. Which one is undefined.
2014-01-02 16:01:53.433 Sachin Tendulkar Stats Visualized[23325:80b] Cannot find executable for CFBundle 0xa987dc0 </Applications/Xcode.app/Contents/Developer/Platforms/iPhoneSimulator.platform/Developer/SDKs/iPhoneSimulator7.0.sdk/System/Library/AccessibilityBundles/CertUIFramework.axbundle> (not loaded)
2014-01-02 16:01:53.460 Sachin Tendulkar Stats Visualized[23325:80b] Cannot find executable for CFBundle 0xa560a50 </Applications/Xcode.app/Contents/Developer/Platforms/iPhoneSimulator.platform/Developer/SDKs/iPhoneSimulator7.0.sdk/System/Library/AccessibilityBundles/GeoServices.axbundle> (not loaded)
2014-01-02 16:01:53.514 Sachin Tendulkar Stats Visualized[23325:80b] Multi-tasking -> Device: YES, App: YES
2014-01-02 16:01:53.520 Sachin Tendulkar Stats Visualized[23325:80b] Unlimited access to network resources
2014-01-02 16:01:53.729 Sachin Tendulkar Stats Visualized[23325:80b] Resetting plugins due to page load.
2014-01-02 16:01:53.985 Sachin Tendulkar Stats Visualized[23325:80b] Finished load of: file:///Users/lpd/Library/Application%20Support/iPhone%20Simulator/7.0.3/Applications/4A57D7E0-07DD-4777-9C35-819D35EB81D2/Sachin%20Tendulkar%20Stats%20Visualized.app/www/index.html#/
objc[25091]: Class AXEmojiUtilities is implemented in both /Applications/Xcode.app/Contents/Developer/Platforms/iPhoneSimulator.platform/Developer/SDKs/iPhoneSimulator7.0.sdk/System/Library/PrivateFrameworks/AccessibilityUtilities.framework/AccessibilityUtilities and /Applications/Xcode.app/Contents/Developer/Platforms/iPhoneSimulator.platform/Developer/SDKs/iPhoneSimulator7.0.sdk/usr/lib/libAXSpeechManager.dylib. One of the two will be used. Which one is undefined.
2014-01-02 16:06:36.978 Sachin Tendulkar Stats Visualized[25091:80b] Cannot find executable for CFBundle 0xa480ee0 </Applications/Xcode.app/Contents/Developer/Platforms/iPhoneSimulator.platform/Developer/SDKs/iPhoneSimulator7.0.sdk/System/Library/AccessibilityBundles/CertUIFramework.axbundle> (not loaded)
2014-01-02 16:06:37.002 Sachin Tendulkar Stats Visualized[25091:80b] Cannot find executable for CFBundle 0xa8ca480 </Applications/Xcode.app/Contents/Developer/Platforms/iPhoneSimulator.platform/Developer/SDKs/iPhoneSimulator7.0.sdk/System/Library/AccessibilityBundles/GeoServices.axbundle> (not loaded)
2014-01-02 16:06:37.064 Sachin Tendulkar Stats Visualized[25091:80b] Multi-tasking -> Device: YES, App: YES
2014-01-02 16:06:37.069 Sachin Tendulkar Stats Visualized[25091:80b] Unlimited access to network resources
2014-01-02 16:06:37.244 Sachin Tendulkar Stats Visualized[25091:80b] Resetting plugins due to page load.
2014-01-02 16:06:37.669 Sachin Tendulkar Stats Visualized[25091:80b] Finished load of: file:///Users/lpd/Library/Application%20Support/iPhone%20Simulator/7.0.3/Applications/4A57D7E0-07DD-4777-9C35-819D35EB81D2/Sachin%20Tendulkar%20Stats%20Visualized.app/www/index.html#/
